<?xml version="1.0" encoding="UTF-8"?>
<!-- Generated by org.testng.reporters.JUnitReportReporter -->
<testsuite skipped="13" hostname="GCTHW5H2E" name="org.ge.dctests.DC_PRTTest" tests="14" failures="0" timestamp="19 Apr 2018 09:46:15 GMT" time="482.419" errors="0">
  <testcase name="dcDispatchVIewRule" time="482.419" classname="org.ge.dctests.DC_PRTTest"/>
  <testcase name="dcDispatchHoverRule" classname="org.ge.dctests.DC_PRTTest">
    <skipped/>
  </testcase> <!-- dcDispatchHoverRule -->
  <testcase name="dcImmediateDispatchProcess" classname="org.ge.dctests.DC_PRTTest">
    <skipped/>
  </testcase> <!-- dcImmediateDispatchProcess -->
  <testcase name="dcEventSubjectRule" classname="org.ge.dctests.DC_PRTTest">
    <skipped/>
  </testcase> <!-- dcEventSubjectRule -->
  <testcase name="createChildTerritory" classname="org.ge.dctests.DC_PRTTest">
    <skipped/>
  </testcase> <!-- createChildTerritory -->
  <testcase name="addDispatcherforTerritory" classname="org.ge.dctests.DC_PRTTest">
    <skipped/>
  </testcase> <!-- addDispatcherforTerritory -->
  <testcase name="createTech" classname="org.ge.dctests.DC_PRTTest">
    <skipped/>
  </testcase> <!-- createTech -->
  <testcase name="createTerritory" classname="org.ge.dctests.DC_PRTTest">
    <skipped/>
  </testcase> <!-- createTerritory -->
  <testcase name="createTerritoryCoverage" classname="org.ge.dctests.DC_PRTTest">
    <skipped/>
  </testcase> <!-- createTerritoryCoverage -->
  <testcase name="dcEventFieldUpdatesRule" classname="org.ge.dctests.DC_PRTTest">
    <skipped/>
  </testcase> <!-- dcEventFieldUpdatesRule -->
  <testcase name="createTerritoryAddCoverage" classname="org.ge.dctests.DC_PRTTest">
    <skipped/>
  </testcase> <!-- createTerritoryAddCoverage -->
  <testcase name="createTeam" classname="org.ge.dctests.DC_PRTTest">
    <skipped/>
  </testcase> <!-- createTeam -->
  <testcase name="dcEventHoverRule" classname="org.ge.dctests.DC_PRTTest">
    <skipped/>
  </testcase> <!-- dcEventHoverRule -->
  <testcase name="addDispatcherforTeam" classname="org.ge.dctests.DC_PRTTest">
    <skipped/>
  </testcase> <!-- addDispatcherforTeam -->
</testsuite> <!-- org.ge.dctests.DC_PRTTest -->
